start
Emailing...
To: striderstrahan@gmail.com
Subject: Expired Tickets for production 1
Message follows:
Expired booking number 22.
User test with 3 seats expired for performance 2009-09-22: Opening Night
The deadline was at 2009-09-11 21:08:20

Emailing...
To: striderstrahan@gmail.com
Subject: Expired Tickets for production 1
Message follows:
Expired booking number 3.
User test with 13 seats expired for performance 2009-09-23: Second show night
The deadline was at 2009-08-31 17:05:27

Expired booking number 5.
User Matthew with 6 seats expired for performance 2009-09-23: Second show night
The deadline was at 2009-09-02 00:12:07

Expired booking number 12.
User meowgan with 3 seats expired for performance 2009-09-23: Second show night
The deadline was at 2009-09-07 23:54:51

Expired booking number 13.
User test with 18 seats expired for performance 2009-09-23: Second show night
The deadline was at 2009-09-09 22:07:32

Expired booking number 14.
User Stuart Robinson with 9 seats expired for performance 2009-09-23: Second show night
The deadline was at 2009-09-09 22:18:25

Expired booking number 23.
User test with 2 seats expired for performance 2009-09-23: Second show night
The deadline was at 2009-09-11 21:11:39

Emailing...
To: striderstrahan@gmail.com
Subject: Expired Tickets for production 1
Message follows:
Expired booking number 1.
User test with 3 seats expired for performance 2009-09-22: Opening Night
The deadline was at 2009-09-13 20:54:14

Expired booking number 7.
User Chung with 12 seats expired for performance 2009-09-22: Opening Night
The deadline was at 2009-09-13 10:10:24

Expired booking number 9.
User test with 27 seats expired for performance 2009-09-22: Opening Night
The deadline was at 2009-09-15 23:57:41

Expired booking number 10.
User Chung with 11 seats expired for performance 2009-09-23: Second show night
The deadline was at 2009-09-13 09:41:17

Expired booking number 13.
User test with 10 seats expired for performance 2009-09-23: Second show night
The deadline was at 2009-09-15 23:59:18

Expired booking number 27.
User Chung with 3 seats expired for performance 2009-09-23: Second show night
The deadline was at 2009-09-12 21:36:49

Expired booking number 28.
User Chung with 6 seats expired for performance 2009-09-22: Opening Night
The deadline was at 2009-09-13 10:10:23

Expired booking number 29.
User tester with 4 seats expired for performance 2009-09-22: Opening Night
The deadline was at 2009-09-13 11:15:56

Expired booking number 32.
User tester with 4 seats expired for performance 2009-09-22: Opening Night
The deadline was at 2009-09-13 22:30:55

Expired booking number 33.
User tester with 4 seats expired for performance 2009-09-22: Opening Night
The deadline was at 2009-09-14 15:09:01

Expired booking number 34.
User tester with 4 seats expired for performance 2009-09-22: Opening Night
The deadline was at 2009-09-14 18:28:11

Expired booking number 35.
User tester with 2 seats expired for performance 2009-09-22: Opening Night
The deadline was at 2009-09-14 18:34:30

Expired booking number 37.
User ms with 3 seats expired for performance 2009-09-22: Opening Night
The deadline was at 2009-09-14 19:01:52

Expired booking number 38.
User test with 2 seats expired for performance 2009-09-22: Opening Night
The deadline was at 2009-09-15 11:28:21

Expired booking number 39.
User test with 2 seats expired for performance 2009-09-22: Opening Night
The deadline was at 2009-09-15 11:32:34

Expired booking number 41.
User test with 3 seats expired for performance 2009-09-22: Opening Night
The deadline was at 2009-09-15 11:35:05

Expired booking number 42.
User test with 3 seats expired for performance 2009-09-22: Opening Night
The deadline was at 2009-09-15 11:36:21

Expired booking number 43.
User test with 2 seats expired for performance 2009-09-22: Opening Night
The deadline was at 2009-09-17 11:36:07

Expired booking number 45.
User tester with 5 seats expired for performance 2009-09-22: Opening Night
The deadline was at 2009-09-16 18:00:12

